<?xml version="1.0" encoding="UTF-8"?>
<testng-results ignored="0" total="2" passed="2" failed="0" skipped="0">
  <reporter-output>
  </reporter-output>
  <suite started-at="2020-02-26T18:19:17Z" name="searchTest" finished-at="2020-02-26T18:24:49Z" duration-ms="331490">
    <groups>
    </groups>
    <test started-at="2020-02-26T18:19:17Z" name="testngTest" finished-at="2020-02-26T18:24:49Z" duration-ms="331490">
      <class name="searchTest.searchTest">
        <test-method is-config="true" signature="setUp()[pri:0, instance:searchTest.searchTest@6913c1fb]" started-at="2020-02-26T18:19:17Z" name="setUp" finished-at="2020-02-26T18:19:30Z" duration-ms="12656" status="PASS">
          <reporter-output>
          </reporter-output>
        </test-method> <!-- setUp -->
        <test-method signature="priceDescTest()[pri:1, instance:searchTest.searchTest@6913c1fb]" started-at="2020-02-26T18:19:30Z" name="priceDescTest" finished-at="2020-02-26T18:24:47Z" duration-ms="317279" status="PASS">
          <reporter-output>
          </reporter-output>
        </test-method> <!-- priceDescTest -->
        <test-method signature="yearTest()[pri:2, instance:searchTest.searchTest@6913c1fb]" started-at="2020-02-26T18:24:47Z" name="yearTest" finished-at="2020-02-26T18:24:47Z" duration-ms="3" status="PASS">
          <reporter-output>
          </reporter-output>
        </test-method> <!-- yearTest -->
        <test-method is-config="true" signature="afterMethod()[pri:0, instance:searchTest.searchTest@6913c1fb]" started-at="2020-02-26T18:24:47Z" name="afterMethod" finished-at="2020-02-26T18:24:49Z" duration-ms="1443" status="PASS">
          <reporter-output>
          </reporter-output>
        </test-method> <!-- afterMethod -->
      </class> <!-- searchTest.searchTest -->
    </test> <!-- testngTest -->
  </suite> <!-- searchTest -->
</testng-results>
